*************** Creación **************
Size = 20, Blocks = 10
[{10, 4},{3, 3},{5, 2},{6, 1},{7, 1},{8, 1},{3, 4},{5, 1},{11, 2},{4, 1}]
Size = 12, Blocks = 6
[{10, 4},{3, 4},{6, 1},{7, 1},{8, 1},{9, 1}]
Size = 25, Blocks = 7
[{8, 9},{11, 2},{2, 7},{5, 1},{6, 1},{3, 1},{4, 4}]
**************** Copia ***************
Size = 20, Blocks = 10
[{10, 4},{3, 3},{5, 2},{6, 1},{7, 1},{8, 1},{3, 4},{5, 1},{11, 2},{4, 1}]
*************** Igualdad **************
Son iguales ccl1 y ccl2
No son iguales ccl1 y ccl3
************ Comparación **************
ccl3 es menor que ccl1
ccl2 no es menor que ccl1
ccl1 no es menor que ccl2
*************** Acceso ****************
(0, 10),(1, 10),(2, 10),(3, 10),(4, 3),(5, 3),(6, 3),(7, 5),(8, 5),(9, 6),(10, 7),(11, 8),(12, 3),(13, 3),(14, 3),(15, 3),(16, 5),(17, 11),(18, 11),(19, 4)
******** Fusión Lexicográfica *********
Size = 45, Blocks = 16
[{8, 9},{10, 4},{3, 3},{5, 2},{6, 1},{7, 1},{8, 1},{3, 4},{5, 1},{11, 4},{2, 7},{4, 1},{5, 1},{6, 1},{3, 1},{4, 4}]
Size = 65, Blocks = 16
[{8, 9},{10, 8},{3, 6},{5, 4},{6, 2},{7, 2},{8, 2},{3, 8},{5, 2},{11, 6},{2, 7},{4, 2},{5, 1},{6, 1},{3, 1},{4, 4}]
********* Agregar Elementos ***********
Size = 12, Blocks = 6
[{10, 4},{3, 4},{6, 1},{7, 1},{8, 1},{9, 1}]
Size = 25, Blocks = 12
[{7, 3},{10, 4},{3, 3},{5, 2},{6, 1},{7, 1},{8, 1},{3, 4},{5, 1},{11, 2},{4, 1},{11, 2}]
Size = 22, Blocks = 12
[{7, 1},{10, 4},{6, 1},{3, 3},{5, 2},{6, 1},{7, 1},{8, 1},{3, 4},{5, 1},{11, 2},{4, 1}]
Size = 14, Blocks = 9
[{10, 3},{16, 1},{10, 1},{14, 1},{3, 4},{6, 1},{7, 1},{8, 1},{9, 1}]
******** Modificar Elementos **********
Size = 22, Blocks = 13
[{20, 1},{10, 4},{6, 1},{3, 3},{5, 2},{6, 1},{7, 1},{8, 1},{3, 4},{5, 1},{11, 1},{40, 1},{50, 1}]
Size = 22, Blocks = 13
[{20, 1},{88, 4},{6, 1},{3, 3},{5, 2},{6, 1},{7, 1},{8, 1},{3, 4},{5, 1},{11, 1},{40, 1},{50, 1}]
*********** Quitar Elementos ***********
Size = 25, Blocks = 7
[{8, 9},{11, 2},{2, 7},{5, 1},{6, 1},{3, 1},{4, 4}]
Size = 23, Blocks = 6
[{8, 8},{11, 2},{2, 7},{6, 1},{3, 1},{4, 4}]
Size = 15, Blocks = 5
[{11, 2},{2, 7},{6, 1},{3, 1},{4, 4}]
Size = 14, Blocks = 9
[{10, 3},{16, 1},{10, 1},{14, 1},{3, 4},{6, 1},{7, 1},{8, 1},{9, 1}]
Size = 9, Blocks = 7
[{10, 3},{16, 1},{14, 1},{6, 1},{7, 1},{8, 1},{9, 1}]
*************** Consultas ***************
Size = 25, Blocks = 12
[{7, 3},{10, 4},{3, 3},{5, 2},{6, 1},{7, 1},{8, 1},{3, 4},{5, 1},{11, 2},{4, 1},{11, 2}]
El elemento 11 aparece en ccl1 en la posición 20
El elemento 7 aparece en ccl1 en la posición 0
El elemento 66 aparece en ccl1 en la posición -1
El vector {7, 7, 10, 10, 10} aparece de forma consecutiva en ccl1 en la posición: 1
El vector {7, 7, 10, 10, 10, 3} aparece de forma consecutiva en ccl1 en la posición: -1
El vector {7, 7, 10, 10, 10, 10, 3, 3, 3, 5} aparece de forma consecutiva en ccl1 en la posición: 1
El vector {5, 6, 7, 8, 3} aparece de forma consecutiva en ccl1 en la posición: 11
El vector {7, 10, 10, 6, 3} aparece de forma no consecutiva en ccl1 en la posición: 0
El vector {7, 10, 10, 10, 10, 10, 6, 3} aparece de forma no consecutiva en ccl1 en la posición: -1
El vector {6, 7, 8, 3, 11, 11} aparece de forma no consecutiva en ccl1 en la posición: 12
El vector {7, 7, 10} aparece de forma consecutiva en ccl1 1 veces
El vector {3, 3, 5} aparece de forma consecutiva en ccl1 2 veces
El vector {3, 3} aparece de forma consecutiva en ccl1 5 veces
El vector {7, 7, 10} aparece de forma no consecutiva en ccl1 12 veces
El vector {3, 3, 5} aparece de forma no consecutiva en ccl1 27 veces
El vector {3, 3} aparece de forma no consecutiva en ccl1 21 veces
El vector {3, 3, 5, 11} aparece de forma no consecutiva en ccl1 108 veces
El vector {3, 3, 5, 6, 5, 11, 11, 11} aparece de forma no consecutiva en ccl1 24 veces
El vector {3, 3, 5, 6, 5, 11, 11, 11, 4} aparece de forma no consecutiva en ccl1 0 veces
7 7 7 10 10 10 10 3 3 3 5 5 6 7 8 3 3 3 3 5 11 11 4 11 11 
20 88 88 88 88 6 3 3 3 5 5 6 7 8 3 3 3 3 5 11 40 50 
8 8 8 8 8 8 8 8 8 10 10 10 10 3 3 3 5 5 6 7 8 3 3 3 3 5 11 11 11 11 2 2 2 2 2 2 2 4 5 6 3 4 4 4 4 
